0 info it worked if it ends with ok
1 verbose cli [
1 verbose cli   '/usr/local/bin/node',
1 verbose cli   '/usr/local/bin/npm',
1 verbose cli   'install',
1 verbose cli   '-g',
1 verbose cli   'moment'
1 verbose cli ]
2 info using npm@6.13.7
3 info using node@v13.11.0
4 verbose npm-session 0eb4417e67153f30
5 silly install loadCurrentTree
6 silly install readGlobalPackageData
7 http fetch GET 304 https://registry.npmjs.org/moment 76ms (from cache)
8 silly pacote tag manifest for moment@latest fetched in 84ms
9 timing stage:loadCurrentTree Completed in 106ms
10 silly install loadIdealTree
11 silly install cloneCurrentTreeToIdealTree
12 timing stage:loadIdealTree:cloneCurrentTree Completed in 0ms
13 silly install loadShrinkwrap
14 timing stage:loadIdealTree:loadShrinkwrap Completed in 1ms
15 silly install loadAllDepsIntoIdealTree
16 silly resolveWithNewModule moment@2.24.0 checking installable status
17 timing stage:loadIdealTree:loadAllDepsIntoIdealTree Completed in 3ms
18 timing stage:loadIdealTree Completed in 4ms
19 silly currentTree lib
20 silly idealTree lib
20 silly idealTree └── moment@2.24.0
21 silly install generateActionsToTake
22 warn checkPermissions Missing write access to /usr/local/lib/node_modules
23 timing stage:rollbackFailedOptional Completed in 0ms
24 timing stage:runTopLevelLifecycles Completed in 113ms
25 verbose stack Error: EACCES: permission denied, access '/usr/local/lib/node_modules'
26 verbose cwd /home/spoto/html
27 verbose Linux 3.10.0-1062.4.1.el7.x86_64
28 verbose argv "/usr/local/bin/node" "/usr/local/bin/npm" "install" "-g" "moment"
29 verbose node v13.11.0
30 verbose npm  v6.13.7
31 error code EACCES
32 error syscall access
33 error path /usr/local/lib/node_modules
34 error errno -13
35 error Error: EACCES: permission denied, access '/usr/local/lib/node_modules'
35 error  [Error: EACCES: permission denied, access '/usr/local/lib/node_modules'] {
35 error   stack: "Error: EACCES: permission denied, access '/usr/local/lib/node_modules'",
35 error   errno: -13,
35 error   code: 'EACCES',
35 error   syscall: 'access',
35 error   path: '/usr/local/lib/node_modules'
35 error }
36 error The operation was rejected by your operating system.
36 error It is likely you do not have the permissions to access this file as the current user
36 error
36 error If you believe this might be a permissions issue, please double-check the
36 error permissions of the file and its containing directories, or try running
36 error the command again as root/Administrator.
37 verbose exit [ -13, true ]
